{"C:\\Users\\Notandi\\OneDrive\\University\\Courses\\5.Misseri\\TOL306G Vefforritun\\verkefni\\verkefni5\\gogn\\src\\multiplier.test.js":{"path":"C:\\Users\\Notandi\\OneDrive\\University\\Courses\\5.Misseri\\TOL306G Vefforritun\\verkefni\\verkefni5\\gogn\\src\\multiplier.test.js","s":{"1":1,"2":1,"3":1,"4":1,"5":1,"6":1,"7":1,"8":1,"9":1,"10":1,"11":1,"12":1,"13":1,"14":1,"15":1,"16":1,"17":1,"18":1,"19":1,"20":1,"21":1,"22":1,"23":1,"24":1},"b":{},"f":{},"fnMap":{},"statementMap":{"1":{"start":{"line":1,"column":0},"end":{"line":1,"column":29}},"2":{"start":{"line":2,"column":0},"end":{"line":2,"column":43}},"3":{"start":{"line":4,"column":0},"end":{"line":4,"column":29}},"4":{"start":{"line":6,"column":0},"end":{"line":18,"column":3}},"5":{"start":{"line":7,"column":2},"end":{"line":9,"column":5}},"6":{"start":{"line":8,"column":4},"end":{"line":8,"column":76}},"7":{"start":{"line":11,"column":2},"end":{"line":13,"column":5}},"8":{"start":{"line":12,"column":4},"end":{"line":12,"column":73}},"9":{"start":{"line":15,"column":2},"end":{"line":17,"column":4}},"10":{"start":{"line":16,"column":4},"end":{"line":16,"column":69}},"11":{"start":{"line":20,"column":0},"end":{"line":32,"column":3}},"12":{"start":{"line":21,"column":2},"end":{"line":23,"column":5}},"13":{"start":{"line":22,"column":4},"end":{"line":22,"column":48}},"14":{"start":{"line":25,"column":2},"end":{"line":27,"column":5}},"15":{"start":{"line":26,"column":4},"end":{"line":26,"column":50}},"16":{"start":{"line":29,"column":2},"end":{"line":31,"column":5}},"17":{"start":{"line":30,"column":4},"end":{"line":30,"column":48}},"18":{"start":{"line":34,"column":0},"end":{"line":46,"column":3}},"19":{"start":{"line":35,"column":2},"end":{"line":37,"column":5}},"20":{"start":{"line":36,"column":4},"end":{"line":36,"column":44}},"21":{"start":{"line":39,"column":2},"end":{"line":41,"column":5}},"22":{"start":{"line":40,"column":4},"end":{"line":40,"column":48}},"23":{"start":{"line":43,"column":2},"end":{"line":45,"column":5}},"24":{"start":{"line":44,"column":4},"end":{"line":44,"column":42}}},"branchMap":{}},"C:\\Users\\Notandi\\OneDrive\\University\\Courses\\5.Misseri\\TOL306G Vefforritun\\verkefni\\verkefni5\\gogn\\src\\multiplier.js":{"path":"C:\\Users\\Notandi\\OneDrive\\University\\Courses\\5.Misseri\\TOL306G Vefforritun\\verkefni\\verkefni5\\gogn\\src\\multiplier.js","s":{"1":1,"2":3,"3":3,"4":1,"5":3,"6":2,"7":2,"8":4,"9":2,"10":1,"11":1,"12":3,"13":3,"14":4,"15":3,"16":3,"17":1},"b":{"1":[0,3],"2":[2,1],"3":[3,2],"4":[3,1]},"f":{"1":3,"2":3,"3":3},"fnMap":{"1":{"name":"splitIntoNumbers","line":7,"loc":{"start":{"line":7,"column":0},"end":{"line":7,"column":34}}},"2":{"name":"multiply","line":19,"loc":{"start":{"line":19,"column":0},"end":{"line":19,"column":26}}},"3":{"name":"factorize","line":37,"loc":{"start":{"line":37,"column":0},"end":{"line":37,"column":22}}}},"statementMap":{"1":{"start":{"line":7,"column":0},"end":{"line":10,"column":1}},"2":{"start":{"line":8,"column":2},"end":{"line":8,"column":47}},"3":{"start":{"line":9,"column":2},"end":{"line":9,"column":36}},"4":{"start":{"line":19,"column":0},"end":{"line":29,"column":1}},"5":{"start":{"line":20,"column":2},"end":{"line":28,"column":3}},"6":{"start":{"line":21,"column":4},"end":{"line":21,"column":19}},"7":{"start":{"line":22,"column":4},"end":{"line":24,"column":5}},"8":{"start":{"line":23,"column":6},"end":{"line":23,"column":26}},"9":{"start":{"line":25,"column":4},"end":{"line":25,"column":18}},"10":{"start":{"line":27,"column":4},"end":{"line":27,"column":16}},"11":{"start":{"line":37,"column":0},"end":{"line":45,"column":1}},"12":{"start":{"line":38,"column":2},"end":{"line":38,"column":20}},"13":{"start":{"line":39,"column":2},"end":{"line":43,"column":3}},"14":{"start":{"line":40,"column":4},"end":{"line":42,"column":5}},"15":{"start":{"line":41,"column":6},"end":{"line":41,"column":21}},"16":{"start":{"line":44,"column":2},"end":{"line":44,"column":16}},"17":{"start":{"line":47,"column":0},"end":{"line":51,"column":2}}},"branchMap":{"1":{"line":9,"type":"cond-expr","locations":[{"start":{"line":9,"column":24},"end":{"line":9,"column":26}},{"start":{"line":9,"column":29},"end":{"line":9,"column":35}}]},"2":{"line":20,"type":"if","locations":[{"start":{"line":20,"column":2},"end":{"line":20,"column":2}},{"start":{"line":20,"column":2},"end":{"line":20,"column":2}}]},"3":{"line":20,"type":"binary-expr","locations":[{"start":{"line":20,"column":6},"end":{"line":20,"column":34}},{"start":{"line":20,"column":38},"end":{"line":20,"column":57}}]},"4":{"line":40,"type":"if","locations":[{"start":{"line":40,"column":4},"end":{"line":40,"column":4}},{"start":{"line":40,"column":4},"end":{"line":40,"column":4}}]}}}}