TN:
SF:C:\Users\Notandi\OneDrive\University\Courses\5.Misseri\TOL306G Vefforritun\verkefni\verkefni5\gogn\src\multiplier.test.js
FNF:0
FNH:0
DA:1,1
DA:2,1
DA:4,1
DA:6,1
DA:7,1
DA:8,1
DA:11,1
DA:12,1
DA:15,1
DA:16,1
DA:20,1
DA:21,1
DA:22,1
DA:25,1
DA:26,1
DA:29,1
DA:30,1
DA:34,1
DA:35,1
DA:36,1
DA:39,1
DA:40,1
DA:43,1
DA:44,1
LF:24
LH:24
BRF:0
BRH:0
end_of_record
TN:
SF:C:\Users\Notandi\OneDrive\University\Courses\5.Misseri\TOL306G Vefforritun\verkefni\verkefni5\gogn\src\multiplier.js
FN:7,splitIntoNumbers
FN:19,multiply
FN:37,factorize
FNF:3
FNH:3
FNDA:3,splitIntoNumbers
FNDA:3,multiply
FNDA:3,factorize
DA:7,1
DA:8,3
DA:9,3
DA:19,1
DA:20,3
DA:21,2
DA:22,2
DA:23,4
DA:25,2
DA:27,1
DA:37,1
DA:38,3
DA:39,3
DA:40,4
DA:41,3
DA:44,3
DA:47,1
LF:17
LH:17
BRDA:9,1,0,0
BRDA:9,1,1,3
BRDA:20,2,0,2
BRDA:20,2,1,1
BRDA:20,3,0,3
BRDA:20,3,1,2
BRDA:40,4,0,3
BRDA:40,4,1,1
BRF:8
BRH:7
end_of_record
